<?xml version="1.0" encoding="UTF-8"?>
<!-- Generated by org.testng.reporters.JUnitReportReporter -->
<testsuite hostname="Ankit_lappy" failures="0" tests="1" name="httpPost.path_query_param" time="3.073" errors="0" timestamp="2025-06-25T22:07:04 CDT" skipped="0">
  <testcase classname="httpPost.path_query_param" name="test_path_query_param" time="3.073"/>
</testsuite> <!-- httpPost.path_query_param -->
