<?xml version="1.0" encoding="UTF-8"?>
<!-- Generated by org.testng.reporters.JUnitReportReporter -->
<testsuite hostname="Ankit_lappy" failures="0" tests="1" name="getBody.getOnlyBody" time="2.781" errors="0" timestamp="2025-06-26T17:24:27 CDT" skipped="0">
  <testcase classname="getBody.getOnlyBody" name="getBody_Info" time="2.781"/>
</testsuite> <!-- getBody.getOnlyBody -->
