<?xml version="1.0" encoding="UTF-8"?>
<!-- Generated by org.testng.reporters.JUnitReportReporter -->
<testsuite hostname="Ankit_lappy" failures="0" tests="1" name="getHeaders.testHeaders" time="2.694" errors="0" timestamp="2025-06-26T17:07:59 CDT" skipped="0">
  <testcase classname="getHeaders.testHeaders" name="ValidateHeaderValue" time="2.694"/>
</testsuite> <!-- getHeaders.testHeaders -->
