<?xml version="1.0" encoding="UTF-8"?>
<!-- Generated by org.testng.reporters.JUnitReportReporter -->
<testsuite hostname="Ankit_lappy" failures="0" tests="1" name="getCookies.testCookies" time="2.677" errors="0" timestamp="2025-06-26T16:53:50 CDT" skipped="0">
  <testcase classname="getCookies.testCookies" name="cookies" time="2.677"/>
</testsuite> <!-- getCookies.testCookies -->
