<?xml version="1.0" encoding="UTF-8"?>
<!-- Generated by org.testng.reporters.JUnitReportReporter -->
<testsuite hostname="Ankit_lappy" failures="0" tests="5" name="httpPost.postMethod" time="5.903" errors="0" timestamp="2025-06-26T15:45:19 CDT" skipped="0">
  <testcase classname="httpPost.postMethod" name="getusers" time="3.551"/>
  <testcase classname="httpPost.postMethod" name="createNewUser_hashmap" time="0.782"/>
  <testcase classname="httpPost.postMethod" name="createNewUser_JsonobjLib" time="0.494"/>
  <testcase classname="httpPost.postMethod" name="createNewUser_POJO" time="0.570"/>
  <testcase classname="httpPost.postMethod" name="createNewUser_ExtJsonFile" time="0.506"/>
</testsuite> <!-- httpPost.postMethod -->
